[debug] [2022-03-06T12:15:38.887Z] ----------------------------------------------------------------------
[debug] [2022-03-06T12:15:38.891Z] Command:       /usr/bin/node /mnt/c/Users/admin/AppData/Roaming/npm/node_modules/firebase-tools/lib/bin/firebase.js deploy --only hosting
[debug] [2022-03-06T12:15:38.892Z] CLI Version:   9.22.0
[debug] [2022-03-06T12:15:38.892Z] Platform:      linux
[debug] [2022-03-06T12:15:38.892Z] Node Version:  v10.19.0
[debug] [2022-03-06T12:15:38.905Z] Time:          Sun Mar 06 2022 20:15:38 GMT+0800 (China Standard Time)
[debug] [2022-03-06T12:15:38.905Z] ----------------------------------------------------------------------
[debug] 
[debug] [2022-03-06T12:15:39.091Z] > command requires scopes: ["email","openid","https://www.googleapis.com/auth/cloudplatformprojects.readonly","https://www.googleapis.com/auth/firebase","https://www.googleapis.com/auth/cloud-platform"]
[debug] [2022-03-06T12:15:39.091Z] > authorizing via signed-in user (thedatingarts22@gmail.com)
[debug] [2022-03-06T12:15:39.091Z] [iam] checking project the-dating-arts for permissions ["firebase.projects.get","firebasehosting.sites.update"]
[debug] [2022-03-06T12:15:39.108Z] > refreshing access token with scopes: ["email","https://www.googleapis.com/auth/cloud-platform","https://www.googleapis.com/auth/cloudplatformprojects.readonly","https://www.googleapis.com/auth/firebase","openid"]
[debug] [2022-03-06T12:15:39.109Z] >>> HTTP REQUEST POST https://www.googleapis.com/oauth2/v3/token  
 <request body omitted>
[debug] [2022-03-06T12:15:39.339Z] <<< HTTP RESPONSE 200 {"date":"Sun, 06 Mar 2022 12:15:39 GMT","expires":"Mon, 01 Jan 1990 00:00:00 GMT","cache-control":"no-cache, no-store, max-age=0, must-revalidate","pragma":"no-cache","content-type":"application/json; charset=utf-8","vary":"X-Origin, Referer, Origin,Accept-Encoding","server":"scaffolding on HTTPServer2","x-xss-protection":"0","x-frame-options":"SAMEORIGIN","x-content-type-options":"nosniff","alt-svc":"h3=\":443\"; ma=2592000,h3-29=\":443\"; ma=2592000,h3-Q050=\":443\"; ma=2592000,h3-Q046=\":443\"; ma=2592000,h3-Q043=\":443\"; ma=2592000,quic=\":443\"; ma=2592000; v=\"46,43\"","accept-ranges":"none","transfer-encoding":"chunked"}
[debug] [2022-03-06T12:15:39.372Z] >>> HTTP REQUEST POST https://cloudresourcemanager.googleapis.com/v1/projects/the-dating-arts:testIamPermissions  
 {"permissions":["firebase.projects.get","firebasehosting.sites.update"]}
[debug] [2022-03-06T12:15:40.269Z] <<< HTTP RESPONSE 200 {"content-type":"application/json; charset=UTF-8","vary":"X-Origin, Referer, Origin,Accept-Encoding","date":"Sun, 06 Mar 2022 12:15:40 GMT","server":"ESF","cache-control":"private","x-xss-protection":"0","x-frame-options":"SAMEORIGIN","x-content-type-options":"nosniff","server-timing":"gfet4t7; dur=829","alt-svc":"h3=\":443\"; ma=2592000,h3-29=\":443\"; ma=2592000,h3-Q050=\":443\"; ma=2592000,h3-Q046=\":443\"; ma=2592000,h3-Q043=\":443\"; ma=2592000,quic=\":443\"; ma=2592000; v=\"46,43\"","accept-ranges":"none","transfer-encoding":"chunked"}
[debug] [2022-03-06T12:15:40.275Z] > refreshing access token with scopes: []
[debug] [2022-03-06T12:15:40.276Z] >>> HTTP REQUEST POST https://www.googleapis.com/oauth2/v3/token  
 <request body omitted>
[debug] [2022-03-06T12:15:40.358Z] <<< HTTP RESPONSE 200 {"pragma":"no-cache","cache-control":"no-cache, no-store, max-age=0, must-revalidate","expires":"Mon, 01 Jan 1990 00:00:00 GMT","date":"Sun, 06 Mar 2022 12:15:40 GMT","content-type":"application/json; charset=utf-8","vary":"X-Origin, Referer, Origin,Accept-Encoding","server":"scaffolding on HTTPServer2","x-xss-protection":"0","x-frame-options":"SAMEORIGIN","x-content-type-options":"nosniff","alt-svc":"h3=\":443\"; ma=2592000,h3-29=\":443\"; ma=2592000,h3-Q050=\":443\"; ma=2592000,h3-Q046=\":443\"; ma=2592000,h3-Q043=\":443\"; ma=2592000,quic=\":443\"; ma=2592000; v=\"46,43\"","accept-ranges":"none","transfer-encoding":"chunked"}
[debug] [2022-03-06T12:15:40.397Z] >>> [apiv2][query] GET https://firebase.googleapis.com/v1beta1/projects/the-dating-arts [none]
[debug] [2022-03-06T12:15:40.763Z] <<< [apiv2][status] GET https://firebase.googleapis.com/v1beta1/projects/the-dating-arts 200
[debug] [2022-03-06T12:15:40.763Z] <<< [apiv2][body] GET https://firebase.googleapis.com/v1beta1/projects/the-dating-arts {"projectId":"the-dating-arts","projectNumber":"945116935466","displayName":"The Dating Arts","name":"projects/the-dating-arts","resources":{"hostingSite":"the-dating-arts"},"state":"ACTIVE"}
[info] 
[info] === Deploying to 'the-dating-arts'...
[info] 
[info] i  deploying hosting 
[debug] [2022-03-06T12:15:40.774Z] > refreshing access token with scopes: ["email","https://www.googleapis.com/auth/cloud-platform","https://www.googleapis.com/auth/cloudplatformprojects.readonly","https://www.googleapis.com/auth/firebase","openid"]
[debug] [2022-03-06T12:15:40.774Z] >>> HTTP REQUEST POST https://www.googleapis.com/oauth2/v3/token  
 <request body omitted>
[debug] [2022-03-06T12:15:40.858Z] <<< HTTP RESPONSE 200 {"expires":"Mon, 01 Jan 1990 00:00:00 GMT","cache-control":"no-cache, no-store, max-age=0, must-revalidate","date":"Sun, 06 Mar 2022 12:15:41 GMT","pragma":"no-cache","content-type":"application/json; charset=utf-8","vary":"X-Origin, Referer, Origin,Accept-Encoding","server":"scaffolding on HTTPServer2","x-xss-protection":"0","x-frame-options":"SAMEORIGIN","x-content-type-options":"nosniff","alt-svc":"h3=\":443\"; ma=2592000,h3-29=\":443\"; ma=2592000,h3-Q050=\":443\"; ma=2592000,h3-Q046=\":443\"; ma=2592000,h3-Q043=\":443\"; ma=2592000,quic=\":443\"; ma=2592000; v=\"46,43\"","accept-ranges":"none","transfer-encoding":"chunked"}
[debug] [2022-03-06T12:15:40.887Z] >>> HTTP REQUEST POST https://firebasehosting.googleapis.com/v1beta1/sites/the-dating-arts/versions  
 {"config":{"rewrites":[{"glob":"**","path":"/index.html"}]},"labels":{"deployment-tool":"cli-firebase"}}
[debug] [2022-03-06T12:15:42.350Z] <<< HTTP RESPONSE 200 {"content-type":"application/json; charset=UTF-8","vary":"X-Origin, Referer, Origin,Accept-Encoding","date":"Sun, 06 Mar 2022 12:15:42 GMT","server":"ESF","cache-control":"private","x-xss-protection":"0","x-frame-options":"SAMEORIGIN","x-content-type-options":"nosniff","alt-svc":"h3=\":443\"; ma=2592000,h3-29=\":443\"; ma=2592000,h3-Q050=\":443\"; ma=2592000,h3-Q046=\":443\"; ma=2592000,h3-Q043=\":443\"; ma=2592000,quic=\":443\"; ma=2592000; v=\"46,43\"","accept-ranges":"none","transfer-encoding":"chunked"}
[info] i  hosting[the-dating-arts]: beginning deploy... 
[info] i  hosting[the-dating-arts]: found 47 files in build 
[debug] [2022-03-06T12:15:44.978Z] > refreshing access token with scopes: []
[debug] [2022-03-06T12:15:44.979Z] >>> HTTP REQUEST POST https://www.googleapis.com/oauth2/v3/token  
 <request body omitted>
[debug] [2022-03-06T12:15:45.011Z] [hosting] hash cache [YnVpbGQ] stored for 47 files
[debug] [2022-03-06T12:15:45.011Z] [hosting][hash queue][FINAL] {"max":2551,"min":74,"avg":245.74468085106383,"active":0,"complete":47,"success":47,"errored":0,"retried":0,"total":47,"elapsed":2602}
[debug] [2022-03-06T12:15:45.119Z] <<< HTTP RESPONSE 200 {"pragma":"no-cache","date":"Sun, 06 Mar 2022 12:15:45 GMT","cache-control":"no-cache, no-store, max-age=0, must-revalidate","expires":"Mon, 01 Jan 1990 00:00:00 GMT","content-type":"application/json; charset=utf-8","vary":"X-Origin, Referer, Origin,Accept-Encoding","server":"scaffolding on HTTPServer2","x-xss-protection":"0","x-frame-options":"SAMEORIGIN","x-content-type-options":"nosniff","alt-svc":"h3=\":443\"; ma=2592000,h3-29=\":443\"; ma=2592000,h3-Q050=\":443\"; ma=2592000,h3-Q046=\":443\"; ma=2592000,h3-Q043=\":443\"; ma=2592000,quic=\":443\"; ma=2592000; v=\"46,43\"","accept-ranges":"none","transfer-encoding":"chunked"}
[debug] [2022-03-06T12:15:45.144Z] >>> [apiv2][query] POST https://firebasehosting.googleapis.com/v1beta1/sites/the-dating-arts/versions/18ff5142c8cae978:populateFiles [none]
[debug] [2022-03-06T12:15:45.144Z] >>> [apiv2][body] POST https://firebasehosting.googleapis.com/v1beta1/sites/the-dating-arts/versions/18ff5142c8cae978:populateFiles {"files":{"/asset-manifest.json":"1933fb445eb82ba6062f93e20c93b564c1ab379c5d54e194ac6e3ae7b8d2e99a","/facebook.svg":"1234ebbf8d54a3bd0c1bc3b6e1e52fb21d4abd8354e5c9ab38d48e484d482435","/index.html":"340e650733fa34b1d41246b42f081fb3373633fa7d4ff3cadcbdcda0f1ba647d","/facebook_black.svg":"f93a24fb1c29e70db76812eb7bf4caf68b0492210d656b868e0ab8b48376287a","/instagram_black.svg":"d041c484a169d0cba770a8af1893e7e574ca408d996d0b9e39a6a9bffc0f89b7","/logo-black.svg":"f23c294d18a07eec152da37c026b2a74b973b298ba564ded4c9bb0442d4e6c4d","/favicon.ico":"0eab34e2e20121fc7f6521abc823e62f0d8863e71dfc32089d1c184b93612b8e","/manifest.json":"8b5fc6ec84189741eaf71038354a96d90a9bd8a6d667b794ddddba55ff2615a5","/logo192.png":"900a014709e6a7063e8bce245eee0253ea37f1177fdac4ef5b316fc3c3b9b56d","/instagram.svg":"a068a685072533333d3ad2872bee893debd4120b949812376c0a0143a59fdbb1","/profession-icon.svg":"e022e141b5ec7ae4463dc19d7595ddbeece9a7da6838a054911ff01549b3a6d9","/program-icon.svg":"ffdb37d801e0fd92f1f504a4338a6fe1bf2f612c89eee221cf09700a33f0e453","/tick.svg":"27ddceed80d84efe0545a655ec364602ef93d7f5eaa3fac68ee3d65a9fae9d6d","/logo512.png":"6e2060e835f25cb0293e0526b7298e0ec60851c0e5519953acf0a85ade402534","/search.svg":"72aa85a1bef075cc7a610add09eba8d4e9baa93c67ef01f5fb499dfbd9b3b57a","/tickmark.svg":"5a4a2d5d3a5c1e2cffb5aff70db085097bff4fb920d56786b0e0b09bd1b0397d","/twitter.svg":"c608ae2e89cd38162175d87817f5ab2740362550c80fd70f6607b4cae2538182","/twitter_black.svg":"35b408467e3a1a2e6af737fbc0c397bc2b239c3ee15b9f9253353b267b37df83","/youtube.svg":"b2e315ea8e076c5e9cd61fa4253e58b2969cec40d68dd0a05328767403c91438","/robots.txt":"2544ca049f223a42bff01f72ad930a5edba75bbb7199d0f8430a02ff5aca16ec","/logo-white.svg":"176a55ef0f62dd2f7f79ba619101fe5e7c6e1cd5477a75063c7152fb53deaa63","/homepage/back-arrow.svg":"80f0f9a486d2e7c9b25e9b10fb627a93e62690d8030b929f827d365868d9ed14","/youtube_black.svg":"e173269b63b762cf335dacf903bec2360230c9d892f0755a86bbc47800807f58","/static/css/main.58536dfb.chunk.css.map":"4e9304461b293bdd6b3266c1ebd78d5c4b29653b6723017287b8fee64b4709a9","/static/js/2.dc08f16d.chunk.js.LICENSE.txt":"7b77ce84b5c746ebaf508bebb69f5fb24ea2b6b3ab3be79a1404ca1172f10560","/static/css/main.58536dfb.chunk.css":"48865050f014794de106410af4241d1da85fae3f8e079192044f757e037ea730","/homepage/Brands.svg":"dd4b6d3daba4981757b68cf2abee16a23c3003e704458f8bb02ada789b0b1458","/static/js/3.3f0d332f.chunk.js":"d90ea3b53c2db7432be6d7ba37b31a95b8f4eb646bed68906a7657467b0d3a12","/static/js/3.3f0d332f.chunk.js.map":"053d5ab54b84e2be17a8c0a9734665a5fc4a1be4c5c491339c9139d6f95a7d5c","/static/js/runtime-main.d1180b81.js.map":"08dc73f4244675b2e2c9c9f909b551bf0dbc205faacfc9d07f52d18215c08d30","/static/js/runtime-main.d1180b81.js":"3085c0f6043496b93f34cf2c0b9fb319c63dda6fdc2192f51edf210897e2e1ec","/pp.jpg":"7cd24c669c65d3f9d55997c837099f6c7f6b518fde2f3f181bbfc63c157c00ef","/homepage/generic_bg.png":"9be7e02406e53eacaae15ba04171dad721ca0fe8d578a70c12fed2fd93b17db5","/static/media/Gotham-Black.baf91e98.otf":"215d4481f9c3846a817d80c8bd82bb0b2e801befe3585bc7140ef5002b000d1e","/static/media/Gotham-Light.df38f0bf.otf":"e711162e04c44630982e889c78b62835d90e264f08336f28b78b5c6a1864f5ea","/static/media/Gotham-Bold.80d7f100.otf":"1c8e0dc5f53a2400664992a337eebd3e8ff2d37d1799b95c700ec8c6a2b9b459","/static/media/Gotham-Medium.64243e21.otf":"bcdbc1ebf02a0b86dd6729c4d5a6baffc84430748afdb2603193e0636d01ab50","/static/js/main.91af1637.chunk.js":"cdcbbca7b67720cdfdf16dd17ee2684e0bbc8843635ac2fb91b33db3e4b95c3f","/static/media/Gotham-Book.b6e803be.otf":"cc03edcc6674459bafe5a69851f649a18ec24b592ed44bdf912c4d7e4649d08d","/static/media/Gotham-Thin.65551b0f.otf":"37a6c8dfb441d64d3f4d4f2ed84ee03e4238ebb6e216851421a67ffb9183a639","/static/media/Gotham-LightItalic.fd3e67b1.otf":"43882a2ba1785deeb3c4e138f6c13e996d7d91559bf4dcae05888e21e58d93e4","/static/js/main.91af1637.chunk.js.map":"95b832862f2d0e1ce6412ffd13ae71b0e08f03ebe9f6c8291738e5f0ce960f74","/homepage/Areas_Of_Learning_old.png":"90f04a5d23d4e5093f9038185e8b3c8b5f3f01a50b05b47b173176c42e738fd3","/static/js/2.dc08f16d.chunk.js":"a16a2c805d0f50bc3599dacb7fe2d0c684942c93f6cd7594d8399e005dd0df0b","/homepage/herosection_background.png":"b6f8ba21dba82841641e182504fa16928d512eae2013b230153a4a50f74662ba","/static/js/2.dc08f16d.chunk.js.map":"cb2e248f8917fa1bb80605a8098dfa4bf3156131405067c7f4696f4ad4f9d04c","/homepage/Areas_Of_Learning.png":"2266dfe1a593788bb1cc1770588bfebf32d29e04bafe8980157ea4914216065e"}}
